2023-07-23 17:32:12,636 INFO  [restartedMain] com.eb.SpringBootIntroApplication:Starting SpringBootIntroApplication using Java 17.0.6 on DESKTOP-G66T267 with PID 17392 (C:\Users\bahti\IdeaProjects\Backend\SpringBootIntro\target\classes started by bahti in C:\Users\bahti\IdeaProjects\Backend\SpringBootIntro)
2023-07-23 17:32:12,641 INFO  [restartedMain] com.eb.SpringBootIntroApplication:No active profile set, falling back to default profiles: default
2023-07-23 17:32:12,691 INFO  [restartedMain] org.springframework.boot.devtools.env.DevToolsPropertyDefaultsPostProcessor:Devtools property defaults active! Set 'spring.devtools.add-properties' to 'false' to disable
2023-07-23 17:32:12,692 INFO  [restartedMain] org.springframework.boot.devtools.env.DevToolsPropertyDefaultsPostProcessor:For additional web related logging consider setting the 'logging.level.web' property to 'DEBUG'
2023-07-23 17:32:13,724 INFO  [restartedMain] org.springframework.data.repository.config.RepositoryConfigurationDelegate:Bootstrapping Spring Data JPA repositories in DEFAULT mode.
2023-07-23 17:32:13,787 INFO  [restartedMain] org.springframework.data.repository.config.RepositoryConfigurationDelegate:Finished Spring Data repository scanning in 53 ms. Found 1 JPA repository interfaces.
2023-07-23 17:32:14,056 INFO  [restartedMain] com.eb.SpringBootIntroApplication:Starting SpringBootIntroApplication using Java 17.0.6 on DESKTOP-G66T267 with PID 14268 (C:\Users\bahti\IdeaProjects\Backend\SpringBootIntro\target\classes started by bahti in C:\Users\bahti\IdeaProjects\Backend\SpringBootIntro)
2023-07-23 17:32:14,057 INFO  [restartedMain] com.eb.SpringBootIntroApplication:No active profile set, falling back to default profiles: default
2023-07-23 17:32:14,119 INFO  [restartedMain] org.springframework.boot.devtools.env.DevToolsPropertyDefaultsPostProcessor:Devtools property defaults active! Set 'spring.devtools.add-properties' to 'false' to disable
2023-07-23 17:32:14,119 INFO  [restartedMain] org.springframework.boot.devtools.env.DevToolsPropertyDefaultsPostProcessor:For additional web related logging consider setting the 'logging.level.web' property to 'DEBUG'
2023-07-23 17:32:14,700 INFO  [restartedMain] org.springframework.boot.web.embedded.tomcat.TomcatWebServer:Tomcat initialized with port(s): 8080 (http)
2023-07-23 17:32:14,710 INFO  [restartedMain] org.apache.catalina.core.StandardService:Starting service [Tomcat]
2023-07-23 17:32:14,710 INFO  [restartedMain] org.apache.catalina.core.StandardEngine:Starting Servlet engine: [Apache Tomcat/9.0.56]
2023-07-23 17:32:14,819 INFO  [restartedMain] org.apache.catalina.core.ContainerBase.[Tomcat].[localhost].[/]:Initializing Spring embedded WebApplicationContext
2023-07-23 17:32:14,819 INFO  [restartedMain] org.springframework.boot.web.servlet.context.ServletWebServerApplicationContext:Root WebApplicationContext: initialization completed in 2127 ms
2023-07-23 17:32:15,107 INFO  [restartedMain] org.hibernate.jpa.internal.util.LogHelper:HHH000204: Processing PersistenceUnitInfo [name: default]
2023-07-23 17:32:15,165 INFO  [restartedMain] org.hibernate.Version:HHH000412: Hibernate ORM core version 5.6.4.Final
2023-07-23 17:32:15,181 INFO  [restartedMain] org.springframework.data.repository.config.RepositoryConfigurationDelegate:Bootstrapping Spring Data JPA repositories in DEFAULT mode.
2023-07-23 17:32:15,239 INFO  [restartedMain] org.springframework.data.repository.config.RepositoryConfigurationDelegate:Finished Spring Data repository scanning in 49 ms. Found 1 JPA repository interfaces.
2023-07-23 17:32:15,342 INFO  [restartedMain] org.hibernate.annotations.common.Version:HCANN000001: Hibernate Commons Annotations {5.1.2.Final}
2023-07-23 17:32:15,486 INFO  [restartedMain] com.zaxxer.hikari.HikariDataSource:HikariPool-1 - Starting...
2023-07-23 17:32:15,798 INFO  [restartedMain] com.zaxxer.hikari.HikariDataSource:HikariPool-1 - Start completed.
2023-07-23 17:32:15,816 INFO  [restartedMain] org.hibernate.dialect.Dialect:HHH000400: Using dialect: org.hibernate.dialect.PostgreSQL9Dialect
2023-07-23 17:32:16,216 INFO  [restartedMain] org.springframework.boot.web.embedded.tomcat.TomcatWebServer:Tomcat initialized with port(s): 8080 (http)
2023-07-23 17:32:16,233 INFO  [restartedMain] org.apache.catalina.core.StandardService:Starting service [Tomcat]
2023-07-23 17:32:16,233 INFO  [restartedMain] org.apache.catalina.core.StandardEngine:Starting Servlet engine: [Apache Tomcat/9.0.56]
2023-07-23 17:32:16,346 INFO  [restartedMain] org.apache.catalina.core.ContainerBase.[Tomcat].[localhost].[/]:Initializing Spring embedded WebApplicationContext
2023-07-23 17:32:16,348 INFO  [restartedMain] org.springframework.boot.web.servlet.context.ServletWebServerApplicationContext:Root WebApplicationContext: initialization completed in 2228 ms
2023-07-23 17:32:16,638 INFO  [restartedMain] org.hibernate.jpa.internal.util.LogHelper:HHH000204: Processing PersistenceUnitInfo [name: default]
2023-07-23 17:32:16,690 INFO  [restartedMain] org.hibernate.Version:HHH000412: Hibernate ORM core version 5.6.4.Final
2023-07-23 17:32:16,696 WARN  [restartedMain] org.hibernate.engine.jdbc.spi.SqlExceptionHelper:SQL Warning Code: 0, SQLState: 00000
2023-07-23 17:32:16,697 WARN  [restartedMain] org.hibernate.engine.jdbc.spi.SqlExceptionHelper:constraint "uk_fe0i52si7ybu0wjedj6motiim" of relation "student" does not exist, skipping
2023-07-23 17:32:16,707 INFO  [restartedMain] org.hibernate.engine.transaction.jta.platform.internal.JtaPlatformInitiator:HHH000490: Using JtaPlatform implementation: [org.hibernate.engine.transaction.jta.platform.internal.NoJtaPlatform]
2023-07-23 17:32:16,715 INFO  [restartedMain] org.springframework.orm.jpa.LocalContainerEntityManagerFactoryBean:Initialized JPA EntityManagerFactory for persistence unit 'default'
2023-07-23 17:32:16,877 INFO  [restartedMain] org.hibernate.annotations.common.Version:HCANN000001: Hibernate Commons Annotations {5.1.2.Final}
2023-07-23 17:32:16,989 INFO  [restartedMain] com.zaxxer.hikari.HikariDataSource:HikariPool-1 - Starting...
2023-07-23 17:32:17,189 INFO  [restartedMain] com.zaxxer.hikari.HikariDataSource:HikariPool-1 - Start completed.
2023-07-23 17:32:17,210 INFO  [restartedMain] org.hibernate.dialect.Dialect:HHH000400: Using dialect: org.hibernate.dialect.PostgreSQL9Dialect
2023-07-23 17:32:17,234 WARN  [restartedMain] org.springframework.boot.autoconfigure.orm.jpa.JpaBaseConfiguration$JpaWebConfiguration:spring.jpa.open-in-view is enabled by default. Therefore, database queries may be performed during view rendering. Explicitly configure spring.jpa.open-in-view to disable this warning
2023-07-23 17:32:17,733 INFO  [restartedMain] org.springframework.boot.autoconfigure.security.servlet.UserDetailsServiceAutoConfiguration:

Using generated security password: 6c27eecd-2e3f-4aa2-859d-7a059de285ef

2023-07-23 17:32:17,858 INFO  [restartedMain] org.springframework.boot.actuate.endpoint.web.EndpointLinksResolver:Exposing 4 endpoint(s) beneath base path '/actuator'
2023-07-23 17:32:17,873 INFO  [restartedMain] org.springframework.security.web.DefaultSecurityFilterChain:Will secure any request with [org.springframework.security.web.context.request.async.WebAsyncManagerIntegrationFilter@2fa869a5, org.springframework.security.web.context.SecurityContextPersistenceFilter@5da8013d, org.springframework.security.web.header.HeaderWriterFilter@46b8752e, org.springframework.web.filter.CorsFilter@71ce57e0, org.springframework.security.web.csrf.CsrfFilter@7a6dcfd0, org.springframework.security.web.authentication.logout.LogoutFilter@38329857, org.springframework.security.web.authentication.UsernamePasswordAuthenticationFilter@7018a6f4, org.springframework.security.web.authentication.ui.DefaultLoginPageGeneratingFilter@39461e8b, org.springframework.security.web.authentication.ui.DefaultLogoutPageGeneratingFilter@6977d95d, org.springframework.security.web.authentication.www.BasicAuthenticationFilter@5c688925, org.springframework.security.web.savedrequest.RequestCacheAwareFilter@6b1cd69d, org.springframework.security.web.servletapi.SecurityContextHolderAwareRequestFilter@53681169, org.springframework.security.web.authentication.AnonymousAuthenticationFilter@36c94d4b, org.springframework.security.web.session.SessionManagementFilter@2459ffc7, org.springframework.security.web.access.ExceptionTranslationFilter@10241488, org.springframework.security.web.access.intercept.FilterSecurityInterceptor@788030dc]
2023-07-23 17:32:17,953 INFO  [restartedMain] org.springframework.boot.devtools.autoconfigure.OptionalLiveReloadServer:LiveReload server is running on port 35729
2023-07-23 17:32:18,004 INFO  [restartedMain] org.springframework.boot.web.embedded.tomcat.TomcatWebServer:Tomcat started on port(s): 8080 (http) with context path ''
2023-07-23 17:32:18,021 INFO  [restartedMain] com.eb.SpringBootIntroApplication:Started SpringBootIntroApplication in 5.79 seconds (JVM running for 6.262)
2023-07-23 17:32:18,037 INFO  [restartedMain] org.hibernate.engine.transaction.jta.platform.internal.JtaPlatformInitiator:HHH000490: Using JtaPlatform implementation: [org.hibernate.engine.transaction.jta.platform.internal.NoJtaPlatform]
2023-07-23 17:32:18,046 INFO  [restartedMain] org.springframework.orm.jpa.LocalContainerEntityManagerFactoryBean:Initialized JPA EntityManagerFactory for persistence unit 'default'
2023-07-23 17:32:18,542 WARN  [restartedMain] org.springframework.boot.autoconfigure.orm.jpa.JpaBaseConfiguration$JpaWebConfiguration:spring.jpa.open-in-view is enabled by default. Therefore, database queries may be performed during view rendering. Explicitly configure spring.jpa.open-in-view to disable this warning
2023-07-23 17:32:18,882 INFO  [restartedMain] org.springframework.boot.autoconfigure.security.servlet.UserDetailsServiceAutoConfiguration:

Using generated security password: 0ed1629d-5e1c-4b59-85cf-55663e4e8f14

2023-07-23 17:32:18,996 INFO  [restartedMain] org.springframework.boot.actuate.endpoint.web.EndpointLinksResolver:Exposing 4 endpoint(s) beneath base path '/actuator'
2023-07-23 17:32:19,006 INFO  [restartedMain] org.springframework.security.web.DefaultSecurityFilterChain:Will secure any request with [org.springframework.security.web.context.request.async.WebAsyncManagerIntegrationFilter@295ed624, org.springframework.security.web.context.SecurityContextPersistenceFilter@6b82dce, org.springframework.security.web.header.HeaderWriterFilter@4785ab9a, org.springframework.web.filter.CorsFilter@66660512, org.springframework.security.web.csrf.CsrfFilter@2459ffc7, org.springframework.security.web.authentication.logout.LogoutFilter@68384704, org.springframework.security.web.authentication.UsernamePasswordAuthenticationFilter@60882150, org.springframework.security.web.authentication.ui.DefaultLoginPageGeneratingFilter@6245bff2, org.springframework.security.web.authentication.ui.DefaultLogoutPageGeneratingFilter@5a64d8fc, org.springframework.security.web.authentication.www.BasicAuthenticationFilter@1804975d, org.springframework.security.web.savedrequest.RequestCacheAwareFilter@2ac777b3, org.springframework.security.web.servletapi.SecurityContextHolderAwareRequestFilter@1ae99eb7, org.springframework.security.web.authentication.AnonymousAuthenticationFilter@83bc250, org.springframework.security.web.session.SessionManagementFilter@18b08a2d, org.springframework.security.web.access.ExceptionTranslationFilter@2369e5b4, org.springframework.security.web.access.intercept.FilterSecurityInterceptor@2dd24440]
2023-07-23 17:32:19,064 WARN  [restartedMain] org.springframework.boot.devtools.autoconfigure.OptionalLiveReloadServer:Unable to start LiveReload server
2023-07-23 17:32:19,083 WARN  [restartedMain] org.springframework.boot.web.servlet.context.AnnotationConfigServletWebServerApplicationContext:Exception encountered during context initialization - cancelling refresh attempt: org.springframework.context.ApplicationContextException: Failed to start bean 'webServerStartStop'; nested exception is org.springframework.boot.web.server.PortInUseException: Port 8080 is already in use
2023-07-23 17:32:19,086 INFO  [restartedMain] org.springframework.orm.jpa.LocalContainerEntityManagerFactoryBean:Closing JPA EntityManagerFactory for persistence unit 'default'
2023-07-23 17:32:19,089 INFO  [restartedMain] com.zaxxer.hikari.HikariDataSource:HikariPool-1 - Shutdown initiated...
2023-07-23 17:32:19,091 INFO  [restartedMain] com.zaxxer.hikari.HikariDataSource:HikariPool-1 - Shutdown completed.
2023-07-23 17:32:19,097 INFO  [restartedMain] org.apache.catalina.core.StandardService:Stopping service [Tomcat]
2023-07-23 17:32:19,112 INFO  [restartedMain] org.springframework.boot.autoconfigure.logging.ConditionEvaluationReportLoggingListener:

Error starting ApplicationContext. To display the conditions report re-run your application with 'debug' enabled.
2023-07-23 17:32:19,130 ERROR [restartedMain] org.springframework.boot.diagnostics.LoggingFailureAnalysisReporter:

***************************
APPLICATION FAILED TO START
***************************

Description:

Web server failed to start. Port 8080 was already in use.

Action:

Identify and stop the process that's listening on port 8080 or configure this application to listen on another port.

2023-07-23 17:33:28,300 INFO  [http-nio-8080-exec-1] org.apache.catalina.core.ContainerBase.[Tomcat].[localhost].[/]:Initializing Spring DispatcherServlet 'dispatcherServlet'
2023-07-23 17:39:41,178 INFO  [SpringApplicationShutdownHook] org.springframework.orm.jpa.LocalContainerEntityManagerFactoryBean:Closing JPA EntityManagerFactory for persistence unit 'default'
2023-07-23 17:39:41,181 INFO  [SpringApplicationShutdownHook] com.zaxxer.hikari.HikariDataSource:HikariPool-1 - Shutdown initiated...
2023-07-23 17:39:41,185 INFO  [SpringApplicationShutdownHook] com.zaxxer.hikari.HikariDataSource:HikariPool-1 - Shutdown completed.
2023-07-23 17:39:49,109 INFO  [restartedMain] com.eb.SpringBootIntroApplication:Starting SpringBootIntroApplication using Java 17.0.6 on DESKTOP-G66T267 with PID 8540 (C:\Users\bahti\IdeaProjects\Backend\SpringBootIntro\target\classes started by bahti in C:\Users\bahti\IdeaProjects\Backend\SpringBootIntro)
2023-07-23 17:39:49,110 INFO  [restartedMain] com.eb.SpringBootIntroApplication:No active profile set, falling back to default profiles: default
2023-07-23 17:39:49,147 INFO  [restartedMain] org.springframework.boot.devtools.env.DevToolsPropertyDefaultsPostProcessor:Devtools property defaults active! Set 'spring.devtools.add-properties' to 'false' to disable
2023-07-23 17:39:49,147 INFO  [restartedMain] org.springframework.boot.devtools.env.DevToolsPropertyDefaultsPostProcessor:For additional web related logging consider setting the 'logging.level.web' property to 'DEBUG'
2023-07-23 17:39:49,864 INFO  [restartedMain] org.springframework.data.repository.config.RepositoryConfigurationDelegate:Bootstrapping Spring Data JPA repositories in DEFAULT mode.
2023-07-23 17:39:49,908 INFO  [restartedMain] org.springframework.data.repository.config.RepositoryConfigurationDelegate:Finished Spring Data repository scanning in 36 ms. Found 1 JPA repository interfaces.
2023-07-23 17:39:50,487 INFO  [restartedMain] org.springframework.boot.web.embedded.tomcat.TomcatWebServer:Tomcat initialized with port(s): 8080 (http)
2023-07-23 17:39:50,497 INFO  [restartedMain] org.apache.catalina.core.StandardService:Starting service [Tomcat]
2023-07-23 17:39:50,498 INFO  [restartedMain] org.apache.catalina.core.StandardEngine:Starting Servlet engine: [Apache Tomcat/9.0.56]
2023-07-23 17:39:50,579 INFO  [restartedMain] org.apache.catalina.core.ContainerBase.[Tomcat].[localhost].[/]:Initializing Spring embedded WebApplicationContext
2023-07-23 17:39:50,580 INFO  [restartedMain] org.springframework.boot.web.servlet.context.ServletWebServerApplicationContext:Root WebApplicationContext: initialization completed in 1433 ms
2023-07-23 17:39:50,825 INFO  [restartedMain] org.hibernate.jpa.internal.util.LogHelper:HHH000204: Processing PersistenceUnitInfo [name: default]
2023-07-23 17:39:50,866 INFO  [restartedMain] org.hibernate.Version:HHH000412: Hibernate ORM core version 5.6.4.Final
2023-07-23 17:39:50,999 INFO  [restartedMain] org.hibernate.annotations.common.Version:HCANN000001: Hibernate Commons Annotations {5.1.2.Final}
2023-07-23 17:39:51,085 INFO  [restartedMain] com.zaxxer.hikari.HikariDataSource:HikariPool-1 - Starting...
2023-07-23 17:39:51,269 INFO  [restartedMain] com.zaxxer.hikari.HikariDataSource:HikariPool-1 - Start completed.
2023-07-23 17:39:51,283 INFO  [restartedMain] org.hibernate.dialect.Dialect:HHH000400: Using dialect: org.hibernate.dialect.PostgreSQL9Dialect
2023-07-23 17:39:51,837 INFO  [restartedMain] org.hibernate.engine.transaction.jta.platform.internal.JtaPlatformInitiator:HHH000490: Using JtaPlatform implementation: [org.hibernate.engine.transaction.jta.platform.internal.NoJtaPlatform]
2023-07-23 17:39:51,844 INFO  [restartedMain] org.springframework.orm.jpa.LocalContainerEntityManagerFactoryBean:Initialized JPA EntityManagerFactory for persistence unit 'default'
2023-07-23 17:39:52,231 WARN  [restartedMain] org.springframework.boot.autoconfigure.orm.jpa.JpaBaseConfiguration$JpaWebConfiguration:spring.jpa.open-in-view is enabled by default. Therefore, database queries may be performed during view rendering. Explicitly configure spring.jpa.open-in-view to disable this warning
2023-07-23 17:39:52,589 INFO  [restartedMain] org.springframework.boot.autoconfigure.security.servlet.UserDetailsServiceAutoConfiguration:

Using generated security password: 0f0f6618-28bb-42a6-a7be-5f2d2c18f056

2023-07-23 17:39:52,703 INFO  [restartedMain] org.springframework.boot.actuate.endpoint.web.EndpointLinksResolver:Exposing 4 endpoint(s) beneath base path '/actuator'
2023-07-23 17:39:52,713 INFO  [restartedMain] org.springframework.security.web.DefaultSecurityFilterChain:Will secure any request with [org.springframework.security.web.context.request.async.WebAsyncManagerIntegrationFilter@6b1cef83, org.springframework.security.web.context.SecurityContextPersistenceFilter@23f8a173, org.springframework.security.web.header.HeaderWriterFilter@3a9cd030, org.springframework.web.filter.CorsFilter@6436ef14, org.springframework.security.web.csrf.CsrfFilter@9c76114, org.springframework.security.web.authentication.logout.LogoutFilter@3d757d24, org.springframework.security.web.authentication.UsernamePasswordAuthenticationFilter@83d8f01, org.springframework.security.web.authentication.ui.DefaultLoginPageGeneratingFilter@2b63518a, org.springframework.security.web.authentication.ui.DefaultLogoutPageGeneratingFilter@4724fba9, org.springframework.security.web.authentication.www.BasicAuthenticationFilter@6a792902, org.springframework.security.web.savedrequest.RequestCacheAwareFilter@23689524, org.springframework.security.web.servletapi.SecurityContextHolderAwareRequestFilter@13fe64ee, org.springframework.security.web.authentication.AnonymousAuthenticationFilter@1b46efe2, org.springframework.security.web.session.SessionManagementFilter@793444dc, org.springframework.security.web.access.ExceptionTranslationFilter@516685ed, org.springframework.security.web.access.intercept.FilterSecurityInterceptor@ea74ff3]
2023-07-23 17:39:52,767 INFO  [restartedMain] org.springframework.boot.devtools.autoconfigure.OptionalLiveReloadServer:LiveReload server is running on port 35729
2023-07-23 17:39:52,802 INFO  [restartedMain] org.springframework.boot.web.embedded.tomcat.TomcatWebServer:Tomcat started on port(s): 8080 (http) with context path ''
2023-07-23 17:39:52,816 INFO  [restartedMain] com.eb.SpringBootIntroApplication:Started SpringBootIntroApplication in 4.071 seconds (JVM running for 4.479)
2023-07-23 17:40:04,869 INFO  [http-nio-8080-exec-2] org.apache.catalina.core.ContainerBase.[Tomcat].[localhost].[/]:Initializing Spring DispatcherServlet 'dispatcherServlet'
2023-07-23 17:40:33,491 INFO  [SpringApplicationShutdownHook] org.springframework.orm.jpa.LocalContainerEntityManagerFactoryBean:Closing JPA EntityManagerFactory for persistence unit 'default'
2023-07-23 17:40:33,494 INFO  [SpringApplicationShutdownHook] com.zaxxer.hikari.HikariDataSource:HikariPool-1 - Shutdown initiated...
2023-07-23 17:40:33,497 INFO  [SpringApplicationShutdownHook] com.zaxxer.hikari.HikariDataSource:HikariPool-1 - Shutdown completed.
2023-07-23 17:40:58,568 INFO  [restartedMain] com.eb.SpringBootIntroApplication:Starting SpringBootIntroApplication using Java 17.0.6 on DESKTOP-G66T267 with PID 9020 (C:\Users\bahti\IdeaProjects\Backend\SpringBootIntro\target\classes started by bahti in C:\Users\bahti\IdeaProjects\Backend\SpringBootIntro)
2023-07-23 17:40:58,568 INFO  [restartedMain] com.eb.SpringBootIntroApplication:No active profile set, falling back to default profiles: default
2023-07-23 17:40:58,607 INFO  [restartedMain] org.springframework.boot.devtools.env.DevToolsPropertyDefaultsPostProcessor:Devtools property defaults active! Set 'spring.devtools.add-properties' to 'false' to disable
2023-07-23 17:40:58,607 INFO  [restartedMain] org.springframework.boot.devtools.env.DevToolsPropertyDefaultsPostProcessor:For additional web related logging consider setting the 'logging.level.web' property to 'DEBUG'
2023-07-23 17:40:59,316 INFO  [restartedMain] org.springframework.data.repository.config.RepositoryConfigurationDelegate:Bootstrapping Spring Data JPA repositories in DEFAULT mode.
2023-07-23 17:40:59,364 INFO  [restartedMain] org.springframework.data.repository.config.RepositoryConfigurationDelegate:Finished Spring Data repository scanning in 38 ms. Found 1 JPA repository interfaces.
2023-07-23 17:40:59,972 INFO  [restartedMain] org.springframework.boot.web.embedded.tomcat.TomcatWebServer:Tomcat initialized with port(s): 8080 (http)
2023-07-23 17:40:59,982 INFO  [restartedMain] org.apache.catalina.core.StandardService:Starting service [Tomcat]
2023-07-23 17:40:59,982 INFO  [restartedMain] org.apache.catalina.core.StandardEngine:Starting Servlet engine: [Apache Tomcat/9.0.56]
2023-07-23 17:41:00,070 INFO  [restartedMain] org.apache.catalina.core.ContainerBase.[Tomcat].[localhost].[/]:Initializing Spring embedded WebApplicationContext
2023-07-23 17:41:00,070 INFO  [restartedMain] org.springframework.boot.web.servlet.context.ServletWebServerApplicationContext:Root WebApplicationContext: initialization completed in 1462 ms
2023-07-23 17:41:00,288 INFO  [restartedMain] org.hibernate.jpa.internal.util.LogHelper:HHH000204: Processing PersistenceUnitInfo [name: default]
2023-07-23 17:41:00,332 INFO  [restartedMain] org.hibernate.Version:HHH000412: Hibernate ORM core version 5.6.4.Final
2023-07-23 17:41:00,467 INFO  [restartedMain] org.hibernate.annotations.common.Version:HCANN000001: Hibernate Commons Annotations {5.1.2.Final}
2023-07-23 17:41:00,551 INFO  [restartedMain] com.zaxxer.hikari.HikariDataSource:HikariPool-1 - Starting...
2023-07-23 17:41:00,715 INFO  [restartedMain] com.zaxxer.hikari.HikariDataSource:HikariPool-1 - Start completed.
2023-07-23 17:41:00,730 INFO  [restartedMain] org.hibernate.dialect.Dialect:HHH000400: Using dialect: org.hibernate.dialect.PostgreSQL9Dialect
2023-07-23 17:41:01,310 INFO  [restartedMain] org.hibernate.engine.transaction.jta.platform.internal.JtaPlatformInitiator:HHH000490: Using JtaPlatform implementation: [org.hibernate.engine.transaction.jta.platform.internal.NoJtaPlatform]
2023-07-23 17:41:01,316 INFO  [restartedMain] org.springframework.orm.jpa.LocalContainerEntityManagerFactoryBean:Initialized JPA EntityManagerFactory for persistence unit 'default'
2023-07-23 17:41:01,716 WARN  [restartedMain] org.springframework.boot.autoconfigure.orm.jpa.JpaBaseConfiguration$JpaWebConfiguration:spring.jpa.open-in-view is enabled by default. Therefore, database queries may be performed during view rendering. Explicitly configure spring.jpa.open-in-view to disable this warning
2023-07-23 17:41:02,067 INFO  [restartedMain] org.springframework.boot.autoconfigure.security.servlet.UserDetailsServiceAutoConfiguration:

Using generated security password: 1fc41f32-02fc-45a2-8ebf-437ce5393d92

2023-07-23 17:41:02,163 INFO  [restartedMain] org.springframework.boot.actuate.endpoint.web.EndpointLinksResolver:Exposing 4 endpoint(s) beneath base path '/actuator'
2023-07-23 17:41:02,177 INFO  [restartedMain] org.springframework.security.web.DefaultSecurityFilterChain:Will secure any request with [org.springframework.security.web.context.request.async.WebAsyncManagerIntegrationFilter@5f37a479, org.springframework.security.web.context.SecurityContextPersistenceFilter@34f5faa3, org.springframework.security.web.header.HeaderWriterFilter@351c67c3, org.springframework.web.filter.CorsFilter@f76fe0f, org.springframework.security.web.csrf.CsrfFilter@649324b8, org.springframework.security.web.authentication.logout.LogoutFilter@77c11be9, org.springframework.security.web.authentication.UsernamePasswordAuthenticationFilter@27abd257, org.springframework.security.web.authentication.ui.DefaultLoginPageGeneratingFilter@7bad119b, org.springframework.security.web.authentication.ui.DefaultLogoutPageGeneratingFilter@4eda8a49, org.springframework.security.web.authentication.www.BasicAuthenticationFilter@212c1830, org.springframework.security.web.savedrequest.RequestCacheAwareFilter@3de96b7d, org.springframework.security.web.servletapi.SecurityContextHolderAwareRequestFilter@525df44c, org.springframework.security.web.authentication.AnonymousAuthenticationFilter@3b1f7322, org.springframework.security.web.session.SessionManagementFilter@a91399d, org.springframework.security.web.access.ExceptionTranslationFilter@145abc42, org.springframework.security.web.access.intercept.FilterSecurityInterceptor@277a04ae]
2023-07-23 17:41:02,234 INFO  [restartedMain] org.springframework.boot.devtools.autoconfigure.OptionalLiveReloadServer:LiveReload server is running on port 35729
2023-07-23 17:41:02,270 INFO  [restartedMain] org.springframework.boot.web.embedded.tomcat.TomcatWebServer:Tomcat started on port(s): 8080 (http) with context path ''
2023-07-23 17:41:02,283 INFO  [restartedMain] com.eb.SpringBootIntroApplication:Started SpringBootIntroApplication in 4.109 seconds (JVM running for 4.563)
2023-07-23 17:41:12,388 INFO  [http-nio-8080-exec-1] org.apache.catalina.core.ContainerBase.[Tomcat].[localhost].[/]:Initializing Spring DispatcherServlet 'dispatcherServlet'
2023-07-23 17:42:55,358 WARN  [http-nio-8080-exec-4] com.eb.controller.StudentController:--Welcome /students/welcome
2023-07-23 17:51:30,944 INFO  [SpringApplicationShutdownHook] org.springframework.orm.jpa.LocalContainerEntityManagerFactoryBean:Closing JPA EntityManagerFactory for persistence unit 'default'
2023-07-23 17:51:30,947 INFO  [SpringApplicationShutdownHook] com.zaxxer.hikari.HikariDataSource:HikariPool-1 - Shutdown initiated...
2023-07-23 17:51:30,952 INFO  [SpringApplicationShutdownHook] com.zaxxer.hikari.HikariDataSource:HikariPool-1 - Shutdown completed.
2023-07-23 17:51:39,906 INFO  [restartedMain] com.eb.SpringBootIntroApplication:Starting SpringBootIntroApplication using Java 17.0.6 on DESKTOP-G66T267 with PID 3832 (C:\Users\bahti\IdeaProjects\Backend\SpringBootIntro\target\classes started by bahti in C:\Users\bahti\IdeaProjects\Backend\SpringBootIntro)
2023-07-23 17:51:39,907 INFO  [restartedMain] com.eb.SpringBootIntroApplication:No active profile set, falling back to default profiles: default
2023-07-23 17:51:39,951 INFO  [restartedMain] org.springframework.boot.devtools.env.DevToolsPropertyDefaultsPostProcessor:Devtools property defaults active! Set 'spring.devtools.add-properties' to 'false' to disable
2023-07-23 17:51:39,951 INFO  [restartedMain] org.springframework.boot.devtools.env.DevToolsPropertyDefaultsPostProcessor:For additional web related logging consider setting the 'logging.level.web' property to 'DEBUG'
2023-07-23 17:51:40,692 INFO  [restartedMain] org.springframework.data.repository.config.RepositoryConfigurationDelegate:Bootstrapping Spring Data JPA repositories in DEFAULT mode.
2023-07-23 17:51:40,737 INFO  [restartedMain] org.springframework.data.repository.config.RepositoryConfigurationDelegate:Finished Spring Data repository scanning in 37 ms. Found 1 JPA repository interfaces.
2023-07-23 17:51:41,345 INFO  [restartedMain] org.springframework.boot.web.embedded.tomcat.TomcatWebServer:Tomcat initialized with port(s): 8080 (http)
2023-07-23 17:51:41,353 INFO  [restartedMain] org.apache.catalina.core.StandardService:Starting service [Tomcat]
2023-07-23 17:51:41,354 INFO  [restartedMain] org.apache.catalina.core.StandardEngine:Starting Servlet engine: [Apache Tomcat/9.0.56]
2023-07-23 17:51:41,435 INFO  [restartedMain] org.apache.catalina.core.ContainerBase.[Tomcat].[localhost].[/]:Initializing Spring embedded WebApplicationContext
2023-07-23 17:51:41,435 INFO  [restartedMain] org.springframework.boot.web.servlet.context.ServletWebServerApplicationContext:Root WebApplicationContext: initialization completed in 1484 ms
2023-07-23 17:51:41,684 INFO  [restartedMain] org.hibernate.jpa.internal.util.LogHelper:HHH000204: Processing PersistenceUnitInfo [name: default]
2023-07-23 17:51:41,726 INFO  [restartedMain] org.hibernate.Version:HHH000412: Hibernate ORM core version 5.6.4.Final
2023-07-23 17:51:41,857 INFO  [restartedMain] org.hibernate.annotations.common.Version:HCANN000001: Hibernate Commons Annotations {5.1.2.Final}
2023-07-23 17:51:41,940 INFO  [restartedMain] com.zaxxer.hikari.HikariDataSource:HikariPool-1 - Starting...
2023-07-23 17:51:42,111 INFO  [restartedMain] com.zaxxer.hikari.HikariDataSource:HikariPool-1 - Start completed.
2023-07-23 17:51:42,125 INFO  [restartedMain] org.hibernate.dialect.Dialect:HHH000400: Using dialect: org.hibernate.dialect.PostgreSQL9Dialect
2023-07-23 17:51:42,726 INFO  [restartedMain] org.hibernate.engine.transaction.jta.platform.internal.JtaPlatformInitiator:HHH000490: Using JtaPlatform implementation: [org.hibernate.engine.transaction.jta.platform.internal.NoJtaPlatform]
2023-07-23 17:51:42,734 INFO  [restartedMain] org.springframework.orm.jpa.LocalContainerEntityManagerFactoryBean:Initialized JPA EntityManagerFactory for persistence unit 'default'
2023-07-23 17:51:43,132 WARN  [restartedMain] org.springframework.boot.autoconfigure.orm.jpa.JpaBaseConfiguration$JpaWebConfiguration:spring.jpa.open-in-view is enabled by default. Therefore, database queries may be performed during view rendering. Explicitly configure spring.jpa.open-in-view to disable this warning
2023-07-23 17:51:43,561 INFO  [restartedMain] org.springframework.boot.actuate.endpoint.web.EndpointLinksResolver:Exposing 4 endpoint(s) beneath base path '/actuator'
2023-07-23 17:51:43,575 INFO  [restartedMain] org.springframework.security.web.DefaultSecurityFilterChain:Will secure any request with [org.springframework.security.web.context.request.async.WebAsyncManagerIntegrationFilter@262b9bb6, org.springframework.security.web.context.SecurityContextPersistenceFilter@6f771c46, org.springframework.security.web.header.HeaderWriterFilter@4a2c8eda, org.springframework.web.filter.CorsFilter@6943f3df, org.springframework.security.web.csrf.CsrfFilter@6281bb4f, org.springframework.security.web.authentication.logout.LogoutFilter@3f599e03, org.springframework.security.web.authentication.UsernamePasswordAuthenticationFilter@66ec031e, org.springframework.security.web.authentication.ui.DefaultLoginPageGeneratingFilter@3bec4c45, org.springframework.security.web.authentication.ui.DefaultLogoutPageGeneratingFilter@4c0d9d50, org.springframework.security.web.authentication.www.BasicAuthenticationFilter@526ee0bf, org.springframework.security.web.savedrequest.RequestCacheAwareFilter@795e2d5a, org.springframework.security.web.servletapi.SecurityContextHolderAwareRequestFilter@2083b693, org.springframework.security.web.authentication.AnonymousAuthenticationFilter@613bb537, org.springframework.security.web.session.SessionManagementFilter@49c0fcdb, org.springframework.security.web.access.ExceptionTranslationFilter@4bf8343f, org.springframework.security.web.access.intercept.FilterSecurityInterceptor@2dec916f]
2023-07-23 17:51:43,628 INFO  [restartedMain] org.springframework.boot.devtools.autoconfigure.OptionalLiveReloadServer:LiveReload server is running on port 35729
2023-07-23 17:51:43,660 INFO  [restartedMain] org.springframework.boot.web.embedded.tomcat.TomcatWebServer:Tomcat started on port(s): 8080 (http) with context path ''
2023-07-23 17:51:43,673 INFO  [restartedMain] com.eb.SpringBootIntroApplication:Started SpringBootIntroApplication in 4.186 seconds (JVM running for 4.619)
2023-07-23 17:51:51,020 INFO  [http-nio-8080-exec-2] org.apache.catalina.core.ContainerBase.[Tomcat].[localhost].[/]:Initializing Spring DispatcherServlet 'dispatcherServlet'
2023-07-23 18:00:38,918 INFO  [SpringApplicationShutdownHook] org.springframework.orm.jpa.LocalContainerEntityManagerFactoryBean:Closing JPA EntityManagerFactory for persistence unit 'default'
2023-07-23 18:00:38,923 INFO  [SpringApplicationShutdownHook] com.zaxxer.hikari.HikariDataSource:HikariPool-1 - Shutdown initiated...
2023-07-23 18:00:38,926 INFO  [SpringApplicationShutdownHook] com.zaxxer.hikari.HikariDataSource:HikariPool-1 - Shutdown completed.
